OtuPicker parameters:
Application:uclust
Similarity:0.97
chimeras_retention:union
enable_rev_strand_matching:True
exact:False
max_accepts:1
max_rejects:8
new_cluster_identifier:denovo
next_new_cluster_number:1
optimal:False
output_dir:otus_uc_fast//step3_otus/
prefilter_identical_sequences:True
presort_by_abundance:True
save_uc_files:True
stable_sort:True
stepwords:8
suppress_new_clusters:True
suppress_sort:True
word_length:8
Reference seqs:/Users/nolson/Projects/mgtst_pipelines/qiime/otus_uc_fast/step2_otus/step2_rep_set.fna
Num OTUs:98
Num new OTUs:0
Num failures:101935
Result path: otus_uc_fast//step3_otus//failures_otus.txt